<?xml version="1.0" encoding="UTF-8"?>
<testsuites>
  <testsuite name="Tests.acceptance" tests="11" assertions="0" errors="6" failures="0" skipped="0" useless="0" time="0.007637">
    <testcase name="ActionButtonVisable" file="/home/user/wp-testing-container/tests/acceptance/ActionButtonVisableCept.php" feature="Verify that the action button is visible in newly created AI plugins" time="0.001360" assertions="0">
      <error type="Error">ActionButtonVisableCept: Verify that the action button is visible in newly created AI plugins
Error: Class "AcceptanceTester" not found

/home/user/wp-testing-container/tests/acceptance/ActionButtonVisableCept.php:27
/home/user/wp-testing-container/vendor/bin/codecept:119</error>
    </testcase>
    <testcase name="CodeIsVisibleOnGithub" file="/home/user/wp-testing-container/tests/acceptance/CodeIsVisibleOnGithubCept.php" feature="" time="0.000382" assertions="0"/>
    <testcase name="ContentBackgroundUpdate" file="/home/user/wp-testing-container/tests/acceptance/ContentBackgroundUpdateCept.php" feature="Test that post content updates automatically when backend data changes via polling mechanism" time="0.000725" assertions="0">
      <error type="Error">ContentBackgroundUpdateCept: Test that post content updates automatically when backend data changes via polling mechanism
Error: Class "AcceptanceTester" not found

/home/user/wp-testing-container/tests/acceptance/ContentBackgroundUpdateCept.php:3
/home/user/wp-testing-container/vendor/bin/codecept:119</error>
    </testcase>
    <testcase name="InfoTableBackground2UI_Update" file="/home/user/wp-testing-container/tests/acceptance/InfoTableBackground2UI_UpdateCept.php" feature="Test that UI updates automatically when backend data changes via polling mechanism ðŸ”„" time="0.000750" assertions="0">
      <error type="Error">InfoTableBackground2UI_UpdateCept: Test that UI updates automatically when backend data changes via polling mechanism ðŸ”„
Error: Class "AcceptanceTester" not found

/home/user/wp-testing-container/tests/acceptance/InfoTableBackground2UI_UpdateCept.php:3
/home/user/wp-testing-container/vendor/bin/codecept:119</error>
    </testcase>
    <testcase name="InfoTable" file="/home/user/wp-testing-container/tests/acceptance/InfoTableCept.php" feature="Test that UI updates automatically when backend data changes via polling mechanism ðŸ”„" time="0.000825" assertions="0">
      <error type="Error">InfoTableCept: Test that UI updates automatically when backend data changes via polling mechanism ðŸ”„
Error: Class "AcceptanceTester" not found

/home/user/wp-testing-container/tests/acceptance/InfoTableCept.php:3
/home/user/wp-testing-container/vendor/bin/codecept:119</error>
    </testcase>
    <testcase name="InitialPluginCreation" file="/home/user/wp-testing-container/tests/acceptance/InitialPluginCreationCept.php" feature="Test initial plugin creation and download functionality ðŸš€" time="0.001024" assertions="0">
      <error type="Error">InitialPluginCreationCept: Test initial plugin creation and download functionality ðŸš€
Error: Class "AcceptanceTester" not found

/home/user/wp-testing-container/tests/acceptance/InitialPluginCreationCept.php:3
/home/user/wp-testing-container/vendor/bin/codecept:119</error>
    </testcase>
    <testcase name="ProductionBuild" file="/home/user/wp-testing-container/tests/acceptance/ProductionBuildCept.php" feature="" time="0.000893" assertions="0">
      <error type="Error">ProductionBuildCept: 
Error: Class "AcceptanceTester" not found

/home/user/wp-testing-container/tests/acceptance/ProductionBuildCept.php:9
/home/user/wp-testing-container/vendor/bin/codecept:119</error>
    </testcase>
    <testcase name="SlashCommnad_UpdateName" file="/home/user/wp-testing-container/tests/acceptance/SlashCommnad_UpdateNameCept.php" feature="" time="0.000444" assertions="0"/>
    <testcase name="TaskLinkedPostNomenclature" file="/home/user/wp-testing-container/tests/acceptance/TaskLinkedPostNomenclatureCept.php" feature="" time="0.000433" assertions="0"/>
    <testcase name="TaskPath" file="/home/user/wp-testing-container/tests/acceptance/TaskPathCept.php" feature="" time="0.000411" assertions="0"/>
    <testcase name="TemplateFiles" file="/home/user/wp-testing-container/tests/acceptance/TemplateFilesCept.php" feature="" time="0.000389" assertions="0"/>
  </testsuite>
</testsuites>
